<?xml version="1.0" encoding="UTF-8"?>
<!-- Generated by org.testng.reporters.JUnitXMLReporter -->
<testsuite hostname="LAPTOP-EGV7MRH3" ignored="0" name="Test1" tests="3" failures="0" timestamp="2022-02-10T11:40:28 IST" time="20.444" errors="0">
  <testcase name="login" time="6.096" classname="com.orangehrm.qa.testcases.AddUserPageTest"/>
  <testcase name="adminPage" time="2.907" classname="com.orangehrm.qa.testcases.AddUserPageTest"/>
  <testcase name="AddUserAction" time="0.848" classname="com.orangehrm.qa.testcases.AddUserPageTest"/>
</testsuite> <!-- Test1 -->
