<?xml version="1.0" encoding="UTF-8"?>
<!-- Generated by org.testng.reporters.JUnitXMLReporter -->
<testsuite hostname="LAPTOP-EGV7MRH3" ignored="0" name="Test2" tests="3" failures="0" timestamp="2022-02-10T11:40:45 IST" time="16.883" errors="0">
  <testcase name="login" time="5.331" classname="com.orangehrm.qa.testcases.AddUserPageTest"/>
  <testcase name="adminPage" time="2.893" classname="com.orangehrm.qa.testcases.AddUserPageTest"/>
  <testcase name="AddUserAction" time="0.78" classname="com.orangehrm.qa.testcases.AddUserPageTest"/>
</testsuite> <!-- Test2 -->
