<?xml version="1.0" encoding="UTF-8"?>
<!-- Generated by org.testng.reporters.JUnitXMLReporter -->
<testsuite hostname="LAPTOP-EGV7MRH3" ignored="2" name="Test" tests="1" failures="0" timestamp="2022-02-10T11:21:43 IST" time="14.628" errors="0">
  <testcase name="login" time="5.962" classname="com.orangehrm.qa.testcases.AddUserPageTest"/>
  <testcase name="AddUserAction" time="0.0" classname="com.orangehrm.qa.testcases.AddUserPageTest">
    <ignored/>
  </testcase> <!-- AddUserAction -->
  <testcase name="adminPage" time="0.0" classname="com.orangehrm.qa.testcases.AddUserPageTest">
    <ignored/>
  </testcase> <!-- adminPage -->
</testsuite> <!-- Test -->
