<?xml version="1.0" encoding="UTF-8"?>
<testng-results skipped="0" failed="0" ignored="0" total="2" passed="2">
  <reporter-output>
  </reporter-output>
  <suite name="Suite" duration-ms="18913" started-at="2022-02-20T20:55:33 IST" finished-at="2022-02-20T20:55:52 IST">
    <groups>
      <group name="sanity">
        <method signature="MyInformationPageTest.login()[pri:1, instance:com.orangehrm.qa.testcases.MyInformationPageTest@1021e6c]" name="login" class="com.orangehrm.qa.testcases.MyInformationPageTest"/>
      </group> <!-- sanity -->
    </groups>
    <test name="Test" duration-ms="18913" started-at="2022-02-20T20:55:33 IST" finished-at="2022-02-20T20:55:52 IST">
      <class name="com.orangehrm.qa.testcases.MyInformationPageTest">
        <test-method status="PASS" signature="setUp(java.lang.String)[pri:0, instance:com.orangehrm.qa.testcases.MyInformationPageTest@1021e6c]" name="setUp" is-config="true" duration-ms="8815" started-at="2022-02-20T20:55:33 IST" finished-at="2022-02-20T20:55:42 IST">
          <params>
            <param index="0">
              <value>
                <![CDATA[chrome]]>
              </value>
            </param>
          </params>
          <reporter-output>
          </reporter-output>
        </test-method> <!-- setUp -->
        <test-method status="PASS" signature="login()[pri:1, instance:com.orangehrm.qa.testcases.MyInformationPageTest@1021e6c]" name="login" duration-ms="5945" started-at="2022-02-20T20:55:42 IST" finished-at="2022-02-20T20:55:48 IST">
          <reporter-output>
          </reporter-output>
        </test-method> <!-- login -->
        <test-method status="PASS" signature="takeScreenShotOnFailure(org.testng.ITestResult)[pri:0, instance:com.orangehrm.qa.testcases.MyInformationPageTest@1021e6c]" name="takeScreenShotOnFailure" is-config="true" duration-ms="1" started-at="2022-02-20T20:55:48 IST" finished-at="2022-02-20T20:55:48 IST">
          <params>
            <param index="0">
              <value>
                <![CDATA[[TestResult name=login status=SUCCESS method=MyInformationPageTest.login()[pri:1, instance:com.orangehrm.qa.testcases.MyInformationPageTest@1021e6c] output={null}]]]>
              </value>
            </param>
          </params>
          <reporter-output>
          </reporter-output>
        </test-method> <!-- takeScreenShotOnFailure -->
        <test-method status="PASS" signature="myinfoPage()[pri:2, instance:com.orangehrm.qa.testcases.MyInformationPageTest@1021e6c]" name="myinfoPage" duration-ms="3445" started-at="2022-02-20T20:55:48 IST" finished-at="2022-02-20T20:55:51 IST">
          <reporter-output>
          </reporter-output>
        </test-method> <!-- myinfoPage -->
        <test-method status="PASS" signature="takeScreenShotOnFailure(org.testng.ITestResult)[pri:0, instance:com.orangehrm.qa.testcases.MyInformationPageTest@1021e6c]" name="takeScreenShotOnFailure" is-config="true" duration-ms="0" started-at="2022-02-20T20:55:51 IST" finished-at="2022-02-20T20:55:51 IST">
          <params>
            <param index="0">
              <value>
                <![CDATA[[TestResult name=myinfoPage status=SUCCESS method=MyInformationPageTest.myinfoPage()[pri:2, instance:com.orangehrm.qa.testcases.MyInformationPageTest@1021e6c] output={null}]]]>
              </value>
            </param>
          </params>
          <reporter-output>
          </reporter-output>
        </test-method> <!-- takeScreenShotOnFailure -->
        <test-method status="PASS" signature="afterClass()[pri:0, instance:com.orangehrm.qa.testcases.MyInformationPageTest@1021e6c]" name="afterClass" is-config="true" duration-ms="671" started-at="2022-02-20T20:55:51 IST" finished-at="2022-02-20T20:55:52 IST">
          <reporter-output>
          </reporter-output>
        </test-method> <!-- afterClass -->
      </class> <!-- com.orangehrm.qa.testcases.MyInformationPageTest -->
    </test> <!-- Test -->
  </suite> <!-- Suite -->
</testng-results>
